<?xml version="1.0" encoding="UTF-8"?>
<testng-results ignored="0" total="3" passed="3" failed="0" skipped="0">
  <reporter-output>
  </reporter-output>
  <suite started-at="2022-09-10T22:52:03 IST" name="Suite" finished-at="2022-09-10T22:52:03 IST" duration-ms="749">
    <groups>
    </groups>
    <test started-at="2022-09-10T22:52:03 IST" name="Test" finished-at="2022-09-10T22:52:03 IST" duration-ms="749">
      <class name="TestLayer.Demo1">
        <test-method signature="abc()[pri:0, instance:TestLayer.Demo1@156b88f5]" started-at="2022-09-10T22:52:03 IST" name="abc" finished-at="2022-09-10T22:52:03 IST" duration-ms="38" status="PASS">
          <reporter-output>
          </reporter-output>
        </test-method> <!-- abc -->
        <test-method signature="pur()[pri:0, instance:TestLayer.Demo1@156b88f5]" started-at="2022-09-10T22:52:03 IST" name="pur" finished-at="2022-09-10T22:52:03 IST" depends-on-methods="TestLayer.Demo1.abc" duration-ms="3" status="PASS">
          <reporter-output>
          </reporter-output>
        </test-method> <!-- pur -->
        <test-method signature="xyz()[pri:0, instance:TestLayer.Demo1@156b88f5]" started-at="2022-09-10T22:52:03 IST" name="xyz" finished-at="2022-09-10T22:52:03 IST" depends-on-methods="TestLayer.Demo1.pur" duration-ms="2" status="PASS">
          <reporter-output>
          </reporter-output>
        </test-method> <!-- xyz -->
      </class> <!-- TestLayer.Demo1 -->
    </test> <!-- Test -->
  </suite> <!-- Suite -->
</testng-results>
